TN:
SF:./src/utils.setup.js
FN:4,(anonymous_1)
FN:5,(anonymous_2)
FN:8,setupModule
FNF:3
FNH:1
FNDA:1,(anonymous_1)
FNDA:0,(anonymous_2)
FNDA:0,setupModule
DA:1,1
DA:5,1
DA:6,0
DA:8,1
DA:9,0
DA:10,0
DA:12,0
DA:14,0
DA:17,0
DA:18,0
DA:20,0
DA:23,1
LF:12
LH:4
BRDA:9,1,0,0
BRDA:9,1,1,0
BRDA:17,2,0,0
BRDA:17,2,1,0
BRF:4
BRH:0
end_of_record
TN:
SF:./src/var/info.js
FN:1,(anonymous_1)
FNF:1
FNH:1
FNDA:1,(anonymous_1)
DA:1,1
DA:2,1
LF:2
LH:2
BRF:0
BRH:0
end_of_record
TN:
SF:./src/utils.execute.js
FN:4,(anonymous_1)
FN:5,(anonymous_2)
FNF:2
FNH:1
FNDA:1,(anonymous_1)
FNDA:0,(anonymous_2)
DA:1,1
DA:5,1
DA:6,0
DA:7,0
DA:8,0
DA:10,0
DA:11,0
DA:14,0
DA:16,1
LF:9
LH:3
BRDA:7,1,0,0
BRDA:7,1,1,0
BRF:2
BRH:0
end_of_record
TN:
SF:./src/var/emptyArray.js
FN:1,(anonymous_1)
FNF:1
FNH:1
FNDA:1,(anonymous_1)
DA:1,1
DA:2,1
LF:2
LH:2
BRF:0
BRH:0
end_of_record
TN:
SF:./src/utils.js
FN:1,(anonymous_1)
FN:12,isObject
FN:19,isObjectLike
FN:23,isLength
FN:27,(anonymous_5)
FN:31,(anonymous_6)
FN:38,(anonymous_7)
FN:43,extend
FN:55,utils
FN:70,(anonymous_10)
FNF:10
FNH:8
FNDA:1,(anonymous_1)
FNDA:21,isObject
FNDA:12,isObjectLike
FNDA:0,isLength
FNDA:0,(anonymous_5)
FNDA:2,(anonymous_6)
FNDA:13,(anonymous_7)
FNDA:3,extend
FNDA:8,utils
FNDA:5,(anonymous_10)
DA:1,1
DA:3,1
DA:12,1
DA:15,21
DA:16,21
DA:19,1
DA:20,12
DA:23,1
DA:24,0
DA:27,1
DA:28,0
DA:31,1
DA:34,2
DA:37,1
DA:38,1
DA:39,13
DA:43,1
DA:44,3
DA:45,3
DA:46,3
DA:47,12
DA:48,10
DA:52,3
DA:55,1
DA:56,8
DA:57,7
DA:58,1
DA:59,1
DA:61,8
DA:64,1
DA:71,5
DA:76,1
LF:32
LH:30
BRDA:16,1,0,21
BRDA:16,1,1,18
BRDA:16,1,2,15
BRDA:16,1,3,6
BRDA:20,2,0,12
BRDA:20,2,1,9
BRDA:20,2,2,7
BRDA:24,3,0,0
BRDA:24,3,1,0
BRDA:24,3,2,0
BRDA:24,3,3,0
BRDA:27,4,0,1
BRDA:27,4,1,0
BRDA:28,5,0,0
BRDA:28,5,1,0
BRDA:28,5,2,0
BRDA:28,5,3,0
BRDA:34,6,0,2
BRDA:34,6,1,2
BRDA:37,7,0,1
BRDA:37,7,1,0
BRDA:37,8,0,1
BRDA:37,8,1,1
BRDA:37,8,2,1
BRDA:45,9,0,3
BRDA:45,9,1,0
BRDA:45,10,0,3
BRDA:45,10,1,3
BRDA:47,11,0,10
BRDA:47,11,1,2
BRDA:56,12,0,7
BRDA:56,12,1,1
BRDA:58,13,0,1
BRDA:58,13,1,0
BRDA:71,14,0,5
BRDA:71,14,1,2
BRDA:71,14,2,3
BRF:37
BRH:25
end_of_record
TN:
SF:./src/amd.js
FN:6,(anonymous_1)
FN:7,defineModuleDefinition
FN:8,fxdefine
FN:46,(anonymous_4)
FN:60,fxrequire
FN:67,(anonymous_6)
FN:81,promiseUse
FN:82,(anonymous_8)
FN:100,fxconfig
FN:117,definejs
FNF:10
FNH:3
FNDA:1,(anonymous_1)
FNDA:1,defineModuleDefinition
FNDA:0,fxdefine
FNDA:0,(anonymous_4)
FNDA:0,fxrequire
FNDA:0,(anonymous_6)
FNDA:0,promiseUse
FNDA:0,(anonymous_8)
FNDA:0,fxconfig
FNDA:2,definejs
DA:1,1
DA:7,1
DA:8,1
DA:10,0
DA:11,0
DA:12,0
DA:13,0
DA:16,0
DA:17,0
DA:18,0
DA:19,0
DA:26,0
DA:28,0
DA:29,0
DA:30,0
DA:34,0
DA:35,0
DA:36,0
DA:39,0
DA:40,0
DA:43,0
DA:45,0
DA:46,0
DA:47,0
DA:50,0
DA:51,0
DA:53,0
DA:56,0
DA:60,1
DA:61,0
DA:62,0
DA:63,0
DA:66,0
DA:67,0
DA:68,0
DA:71,0
DA:72,0
DA:74,0
DA:77,0
DA:81,1
DA:82,0
DA:84,0
DA:86,0
DA:100,1
DA:101,0
DA:102,0
DA:105,0
DA:107,0
DA:108,0
DA:109,0
DA:114,1
DA:115,1
DA:117,1
DA:118,2
DA:119,0
DA:121,2
DA:122,2
DA:123,2
DA:125,2
DA:126,2
DA:127,2
DA:130,1
DA:133,1
LF:63
LH:18
BRDA:10,1,0,0
BRDA:10,1,1,0
BRDA:16,2,0,0
BRDA:16,2,1,0
BRDA:26,3,0,0
BRDA:26,3,1,0
BRDA:28,4,0,0
BRDA:28,4,1,0
BRDA:34,5,0,0
BRDA:34,5,1,0
BRDA:39,6,0,0
BRDA:39,6,1,0
BRDA:45,7,0,0
BRDA:45,7,1,0
BRDA:45,8,0,0
BRDA:45,8,1,0
BRDA:61,9,0,0
BRDA:61,9,1,0
BRDA:66,10,0,0
BRDA:66,10,1,0
BRDA:66,11,0,0
BRDA:66,11,1,0
BRDA:101,12,0,0
BRDA:101,12,1,0
BRDA:108,13,0,0
BRDA:108,13,1,0
BRDA:118,14,0,0
BRDA:118,14,1,2
BRF:28
BRH:1
end_of_record
TN:
SF:./src/moduleLoader.js
FN:5,(anonymous_1)
FN:7,install
FN:34,load
FN:63,(anonymous_4)
FN:75,loadAll
FN:80,pCallback
FNF:6
FNH:1
FNDA:1,(anonymous_1)
FNDA:0,install
FNDA:0,load
FNDA:0,(anonymous_4)
FNDA:0,loadAll
FNDA:0,pCallback
DA:1,1
DA:6,1
DA:8,0
DA:11,0
DA:12,0
DA:13,0
DA:16,0
DA:19,0
DA:21,0
DA:22,0
DA:23,0
DA:25,0
DA:26,0
DA:27,0
DA:28,0
DA:31,0
DA:35,0
DA:40,0
DA:41,0
DA:43,0
DA:44,0
DA:45,0
DA:48,0
DA:50,0
DA:52,0
DA:53,0
DA:54,0
DA:55,0
DA:56,0
DA:57,0
DA:58,0
DA:63,0
DA:64,0
DA:69,0
DA:76,0
DA:80,1
DA:81,0
DA:82,0
DA:83,0
DA:87,0
DA:88,0
DA:92,1
LF:42
LH:4
BRDA:11,1,0,0
BRDA:11,1,1,0
BRDA:12,2,0,0
BRDA:12,2,1,0
BRDA:21,3,0,0
BRDA:21,3,1,0
BRDA:40,4,0,0
BRDA:40,4,1,0
BRDA:43,5,0,0
BRDA:43,5,1,0
BRDA:50,6,0,0
BRDA:50,6,1,0
BRDA:52,7,0,0
BRDA:52,7,1,0
BRDA:54,8,0,0
BRDA:54,8,1,0
BRDA:56,9,0,0
BRDA:56,9,1,0
BRDA:64,10,0,0
BRDA:64,10,1,0
BRDA:82,11,0,0
BRDA:82,11,1,0
BRDA:82,12,0,0
BRDA:82,12,1,0
BRF:24
BRH:0
end_of_record
TN:
SF:./src/utils.getScript.js
FN:3,(anonymous_1)
FN:4,(anonymous_2)
FNF:2
FNH:1
FNDA:1,(anonymous_1)
FNDA:0,(anonymous_2)
DA:1,1
DA:4,1
DA:5,0
DA:7,1
LF:4
LH:3
BRF:0
BRH:0
end_of_record
TN:
SF:./src/utils.createScript.js
FN:6,(anonymous_1)
FN:12,getUrl
FN:59,loadFN
FN:60,fn
FN:76,errorFN
FN:77,fn
FN:90,(anonymous_7)
FNF:7
FNH:1
FNDA:1,(anonymous_1)
FNDA:0,getUrl
FNDA:0,loadFN
FNDA:0,fn
FNDA:0,errorFN
FNDA:0,fn
FNDA:0,(anonymous_7)
DA:1,1
DA:7,1
DA:12,1
DA:13,0
DA:19,0
DA:20,0
DA:23,0
DA:27,0
DA:28,0
DA:30,0
DA:33,0
DA:34,0
DA:35,0
DA:36,0
DA:38,0
DA:40,0
DA:41,0
DA:48,0
DA:49,0
DA:52,0
DA:54,0
DA:56,0
DA:59,1
DA:60,0
DA:61,0
DA:62,0
DA:64,0
DA:65,0
DA:68,0
DA:69,0
DA:71,0
DA:76,1
DA:77,0
DA:78,0
DA:79,0
DA:80,0
DA:81,0
DA:84,0
DA:85,0
DA:90,1
DA:91,0
DA:94,0
DA:95,0
DA:97,0
DA:99,0
DA:100,0
DA:101,0
DA:103,0
DA:105,0
DA:106,0
DA:108,0
DA:109,0
DA:112,0
DA:113,0
DA:115,0
DA:118,0
DA:120,0
DA:123,1
LF:58
LH:7
BRDA:8,1,0,1
BRDA:8,1,1,0
BRDA:19,2,0,0
BRDA:19,2,1,0
BRDA:23,3,0,0
BRDA:23,3,1,0
BRDA:25,4,0,0
BRDA:25,4,1,0
BRDA:27,5,0,0
BRDA:27,5,1,0
BRDA:33,6,0,0
BRDA:33,6,1,0
BRDA:35,7,0,0
BRDA:35,7,1,0
BRDA:38,8,0,0
BRDA:38,8,1,0
BRDA:38,9,0,0
BRDA:38,9,1,0
BRDA:48,10,0,0
BRDA:48,10,1,0
BRDA:48,11,0,0
BRDA:48,11,1,0
BRDA:61,12,0,0
BRDA:61,12,1,0
BRDA:62,13,0,0
BRDA:62,13,1,0
BRDA:62,14,0,0
BRDA:62,14,1,0
BRDA:64,15,0,0
BRDA:64,15,1,0
BRDA:68,16,0,0
BRDA:68,16,1,0
BRDA:68,17,0,0
BRDA:68,17,1,0
BRDA:78,18,0,0
BRDA:78,18,1,0
BRDA:79,19,0,0
BRDA:79,19,1,0
BRDA:79,20,0,0
BRDA:79,20,1,0
BRDA:80,21,0,0
BRDA:80,21,1,0
BRDA:84,22,0,0
BRDA:84,22,1,0
BRDA:94,23,0,0
BRDA:94,23,1,0
BRDA:100,24,0,0
BRDA:100,24,1,0
BRDA:105,25,0,0
BRDA:105,25,1,0
BRDA:105,26,0,0
BRDA:105,26,1,0
BRDA:112,27,0,0
BRDA:112,27,1,0
BRF:54
BRH:1
end_of_record
TN:
SF:./src/var/doc.js
FN:1,(anonymous_1)
FNF:1
FNH:1
FNDA:1,(anonymous_1)
DA:1,1
DA:2,1
LF:2
LH:2
BRF:0
BRH:0
end_of_record
TN:
SF:./src/baseInfo.js
FN:3,(anonymous_1)
FN:4,baseInfo
FNF:2
FNH:2
FNDA:1,(anonymous_1)
FNDA:2,baseInfo
DA:1,1
DA:4,1
DA:5,2
DA:8,2
DA:9,2
DA:11,2
DA:12,0
DA:16,2
DA:17,1
DA:18,1
DA:22,1
DA:24,1
LF:12
LH:11
BRDA:8,1,0,2
BRDA:8,1,1,0
BRDA:11,2,0,0
BRDA:11,2,1,2
BRDA:16,3,0,1
BRDA:16,3,1,1
BRDA:17,4,0,1
BRDA:17,4,1,0
BRF:8
BRH:5
end_of_record
TN:
SF:./src/utils.getFileName.js
FN:3,(anonymous_1)
FN:8,(anonymous_2)
FNF:2
FNH:1
FNDA:1,(anonymous_1)
FNDA:0,(anonymous_2)
DA:1,1
DA:4,1
DA:8,1
DA:9,0
DA:11,0
DA:12,0
DA:14,0
DA:15,0
DA:16,0
DA:17,0
DA:19,0
DA:21,0
DA:22,0
DA:23,0
DA:25,1
LF:15
LH:4
BRDA:11,1,0,0
BRDA:11,1,1,0
BRDA:16,2,0,0
BRDA:16,2,1,0
BRF:4
BRH:0
end_of_record
